  Type_info.c
  Vector.c
C:\Users\User\source\repos\Labbbb1\Labbbb1\Source Files\Type_info.c(8,9): warning C4013: strcmp: нет определения; предполагается "extern" с возвратом типа "int"
C:\Users\User\source\repos\Labbbb1\Labbbb1\Source Files\Type_info.c(48,33): warning C4028: формальный параметр 1 отличается от объявления
C:\Users\User\source\repos\Labbbb1\Labbbb1\Source Files\Type_info.c(48,58): warning C4028: формальный параметр 2 отличается от объявления
C:\Users\User\source\repos\Labbbb1\Labbbb1\Source Files\Type_info.c(54,39): error C2232: ->type: левый операнд имеет тип "struct", используйте "."
C:\Users\User\source\repos\Labbbb1\Labbbb1\Source Files\Type_info.c(55,42): error C2232: ->type: левый операнд имеет тип "struct", используйте "."
C:\Users\User\source\repos\Labbbb1\Labbbb1\Source Files\Type_info.c(60,33): error C2232: ->data: левый операнд имеет тип "struct", используйте "."
C:\Users\User\source\repos\Labbbb1\Labbbb1\Source Files\Type_info.c(68,32): error C2232: ->data: левый операнд имеет тип "struct", используйте "."
C:\Users\User\source\repos\Labbbb1\Labbbb1\Source Files\Type_info.c(75,29): error C2232: ->data: левый операнд имеет тип "struct", используйте "."
C:\Users\User\source\repos\Labbbb1\Labbbb1\Source Files\Type_info.c(83,33): error C2232: ->data: левый операнд имеет тип "struct", используйте "."
C:\Users\User\source\repos\Labbbb1\Labbbb1\Source Files\Type_info.c(91,32): error C2232: ->data: левый операнд имеет тип "struct", используйте "."
C:\Users\User\source\repos\Labbbb1\Labbbb1\Source Files\Type_info.c(98,29): error C2232: ->data: левый операнд имеет тип "struct", используйте "."
C:\Users\User\source\repos\Labbbb1\Labbbb1\Source Files\Vector.c(30,3): warning C4033: "Get" должен возвращать значение
C:\Users\User\source\repos\Labbbb1\Labbbb1\Source Files\Vector.c(76,26): error C2440: функция: невозможно преобразовать "Vector_element" в "Vector_element *"
C:\Users\User\source\repos\Labbbb1\Labbbb1\Source Files\Vector.c(76,26): warning C4024: ElementSum: различные типы для формального и фактического параметров 1
C:\Users\User\source\repos\Labbbb1\Labbbb1\Source Files\Vector.c(76,15): error C2198: void *ElementSum(Vector_element *,Vector_element *): слишком мало аргументов для вызова
C:\Users\User\source\repos\Labbbb1\Labbbb1\Source Files\Vector.c(77,2): error C2143: синтаксическая ошибка: отсутствие ")" перед "}"
C:\Users\User\source\repos\Labbbb1\Labbbb1\Source Files\Vector.c(76,3): error C2198: void Add(Vector *,void *,data_type): слишком мало аргументов для вызова
  main.c
C:\Users\User\source\repos\Labbbb1\Labbbb1\Source Files\main.c(125,26): warning C4013: mallox: нет определения; предполагается "extern" с возвратом типа "int"
C:\Users\User\source\repos\Labbbb1\Labbbb1\Source Files\main.c(137,11): warning C4477: "printf": в строке форматирования "%s" требуется аргумент типа "char *", но вариативный аргумент "1" имеет тип "int"
C:\Users\User\source\repos\Labbbb1\Labbbb1\Source Files\main.c(137,11): warning C4313: printf: конфликт "%s" в строке формата с аргументом 1 типа "int"
C:\Users\User\source\repos\Labbbb1\Labbbb1\Source Files\main.c(125,20): warning C4047: инициализация: "Vector_element *" отличается по уровням косвенного обращения от "int"
  Создание кода...
